2025-02-04 16:15:05,317 INFO o.a.j.u.JMeterUtils: Setting Locale to en_EN
2025-02-04 16:15:05,347 INFO o.a.j.JMeter: Loading user properties from: C:\Users\User\Documents\apache-jmeter-5.6.3\bin\user.properties
2025-02-04 16:15:05,349 INFO o.a.j.JMeter: Loading system properties from: C:\Users\User\Documents\apache-jmeter-5.6.3\bin\system.properties
2025-02-04 16:15:05,357 INFO o.a.j.JMeter: Copyright (c) 1998-2024 The Apache Software Foundation
2025-02-04 16:15:05,357 INFO o.a.j.JMeter: Version 5.6.3
2025-02-04 16:15:05,357 INFO o.a.j.JMeter: java.version=21.0.4
2025-02-04 16:15:05,357 INFO o.a.j.JMeter: java.vm.name=Java HotSpot(TM) 64-Bit Server VM
2025-02-04 16:15:05,357 INFO o.a.j.JMeter: os.name=Windows 11
2025-02-04 16:15:05,357 INFO o.a.j.JMeter: os.arch=amd64
2025-02-04 16:15:05,357 INFO o.a.j.JMeter: os.version=10.0
2025-02-04 16:15:05,357 INFO o.a.j.JMeter: file.encoding=UTF-8
2025-02-04 16:15:05,357 INFO o.a.j.JMeter: java.awt.headless=true
2025-02-04 16:15:05,359 INFO o.a.j.JMeter: Max memory     =1073741824
2025-02-04 16:15:05,359 INFO o.a.j.JMeter: Available Processors =12
2025-02-04 16:15:05,370 INFO o.a.j.JMeter: Default Locale=English (EN)
2025-02-04 16:15:05,371 INFO o.a.j.JMeter: JMeter  Locale=English (EN)
2025-02-04 16:15:05,371 INFO o.a.j.JMeter: JMeterHome=C:\Users\User\Documents\apache-jmeter-5.6.3
2025-02-04 16:15:05,371 INFO o.a.j.JMeter: user.dir  =C:\Users\User\Documents\Quiz 4_Week 4_Aliffrianto Yudha Prakoso
2025-02-04 16:15:05,371 INFO o.a.j.JMeter: PWD       =C:\Users\User\Documents\Quiz 4_Week 4_Aliffrianto Yudha Prakoso
2025-02-04 16:15:05,372 INFO o.a.j.JMeter: IP: 192.168.100.10 Name: HP FullName: HP
2025-02-04 16:15:05,395 INFO o.a.j.JMeter: Setting property 'jmeter.reportgenerator.outputdir' to:'C:\Users\User\Documents\Quiz 4_Week 4_Aliffrianto Yudha Prakoso\report'
2025-02-04 16:15:05,402 INFO o.a.j.r.d.ReportGenerator: ReportGenerator will use for Parsing the separator: ','
2025-02-04 16:15:05,402 INFO o.a.j.r.d.ReportGenerator: Will only generate report from results file: report.jtl
2025-02-04 16:15:05,402 INFO o.a.j.r.d.ReportGenerator: Reading report generator properties from: C:\Users\User\Documents\apache-jmeter-5.6.3\bin\reportgenerator.properties
2025-02-04 16:15:05,404 INFO o.a.j.r.d.ReportGenerator: Merging with JMeter properties
2025-02-04 16:15:05,409 INFO o.a.j.r.c.ReportGeneratorConfiguration: Property 'jmeter.reportgenerator.temp_dir' not found, using default value 'temp' instead.
2025-02-04 16:15:05,413 INFO o.a.j.r.c.ReportGeneratorConfiguration: Property 'jmeter.reportgenerator.apdex_per_transaction' not found, using default value 'null' instead.
2025-02-04 16:15:05,425 INFO o.a.j.r.c.ReportGeneratorConfiguration: apdex_per_transaction is empty, not APDEX per transaction customization
2025-02-04 16:15:05,425 INFO o.a.j.r.c.ReportGeneratorConfiguration: Property 'jmeter.reportgenerator.sample_filter' not found, using default value 'null' instead.
2025-02-04 16:15:05,425 INFO o.a.j.r.c.ReportGeneratorConfiguration: Property 'jmeter.reportgenerator.report_title' not found, using default value 'null' instead.
2025-02-04 16:15:05,425 INFO o.a.j.r.c.ReportGeneratorConfiguration: Property 'jmeter.reportgenerator.start_date' not found, using default value 'null' instead.
2025-02-04 16:15:05,425 INFO o.a.j.r.c.ReportGeneratorConfiguration: Property 'jmeter.reportgenerator.end_date' not found, using default value 'null' instead.
2025-02-04 16:15:05,425 INFO o.a.j.r.c.ReportGeneratorConfiguration: Property 'jmeter.reportgenerator.date_format' not found, using default value 'null' instead.
2025-02-04 16:15:05,426 INFO o.a.j.r.c.ReportGeneratorConfiguration: Will use date range start date: null, end date: null
2025-02-04 16:15:05,432 INFO o.a.j.r.c.ReportGeneratorConfiguration: Property 'jmeter.reportgenerator.graph.totalTPS.exclude_controllers' not found, using default value 'false' instead.
2025-02-04 16:15:05,432 INFO o.a.j.r.c.ReportGeneratorConfiguration: Property 'jmeter.reportgenerator.graph.activeThreadsOverTime.exclude_controllers' not found, using default value 'false' instead.
2025-02-04 16:15:05,433 INFO o.a.j.r.c.ReportGeneratorConfiguration: Property 'jmeter.reportgenerator.graph.timeVsThreads.exclude_controllers' not found, using default value 'false' instead.
2025-02-04 16:15:05,433 INFO o.a.j.r.c.ReportGeneratorConfiguration: Property 'jmeter.reportgenerator.graph.responseTimeDistribution.exclude_controllers' not found, using default value 'false' instead.
2025-02-04 16:15:05,433 INFO o.a.j.r.c.ReportGeneratorConfiguration: Property 'jmeter.reportgenerator.graph.transactionsPerSecond.exclude_controllers' not found, using default value 'false' instead.
2025-02-04 16:15:05,433 INFO o.a.j.r.c.ReportGeneratorConfiguration: Property 'jmeter.reportgenerator.graph.responseTimePercentiles.exclude_controllers' not found, using default value 'false' instead.
2025-02-04 16:15:05,433 INFO o.a.j.r.c.ReportGeneratorConfiguration: Property 'jmeter.reportgenerator.graph.responseTimePercentilesOverTime.exclude_controllers' not found, using default value 'false' instead.
2025-02-04 16:15:05,433 INFO o.a.j.r.c.ReportGeneratorConfiguration: Property 'jmeter.reportgenerator.graph.responseTimesOverTime.exclude_controllers' not found, using default value 'false' instead.
2025-02-04 16:15:05,433 INFO o.a.j.r.c.ReportGeneratorConfiguration: Property 'jmeter.reportgenerator.graph.connectTimeOverTime.exclude_controllers' not found, using default value 'false' instead.
2025-02-04 16:15:05,433 INFO o.a.j.r.c.ReportGeneratorConfiguration: Property 'jmeter.reportgenerator.graph.latenciesOverTime.exclude_controllers' not found, using default value 'false' instead.
2025-02-04 16:15:05,436 INFO o.a.j.r.c.ReportGeneratorConfiguration: Property 'jmeter.reportgenerator.exporter.json.filters_only_sample_series' not found, using default value 'true' instead.
2025-02-04 16:15:05,436 INFO o.a.j.r.c.ReportGeneratorConfiguration: Property 'jmeter.reportgenerator.exporter.json.series_filter' not found, using default value '' instead.
2025-02-04 16:15:05,436 INFO o.a.j.r.c.ReportGeneratorConfiguration: Property 'jmeter.reportgenerator.exporter.json.show_controllers_only' not found, using default value 'false' instead.
2025-02-04 16:15:05,436 INFO o.a.j.r.c.ReportGeneratorConfiguration: Property 'jmeter.reportgenerator.exporter.html.filters_only_sample_series' not found, using default value 'true' instead.
2025-02-04 16:15:05,436 INFO o.a.j.r.c.ReportGeneratorConfiguration: Property 'jmeter.reportgenerator.exporter.html.series_filter' not found, using default value '' instead.
2025-02-04 16:15:05,436 INFO o.a.j.r.c.ReportGeneratorConfiguration: Property 'jmeter.reportgenerator.exporter.html.show_controllers_only' not found, using default value 'false' instead.
2025-02-04 16:15:05,683 INFO o.a.j.s.SaveService: Testplan (JMX) version: 2.2. Testlog (JTL) version: 2.2
2025-02-04 16:15:05,725 INFO o.a.j.s.SaveService: Using SaveService properties version 5.0
2025-02-04 16:15:05,730 INFO o.a.j.s.SaveService: Using SaveService properties file encoding UTF-8
2025-02-04 16:15:05,760 INFO o.a.j.r.p.NormalizerSampleConsumer: Using format, 'ms', to parse timeStamp field
2025-02-04 16:15:06,017 INFO o.a.j.r.p.AbstractSampleConsumer: class org.apache.jmeter.report.processor.AggregateConsumer#stopProducing(): beginDate produced 0 samples
2025-02-04 16:15:06,018 INFO o.a.j.r.p.AbstractSampleConsumer: class org.apache.jmeter.report.processor.AggregateConsumer#stopProducing(): endDate produced 0 samples
2025-02-04 16:15:06,022 INFO o.a.j.r.p.AbstractSampleConsumer: class org.apache.jmeter.report.processor.ApdexSummaryConsumer#stopProducing(): apdexSummary produced 0 samples
2025-02-04 16:15:06,022 INFO o.a.j.r.p.AbstractSampleConsumer: class org.apache.jmeter.report.processor.RequestsSummaryConsumer#stopProducing(): requestsSummary produced 0 samples
2025-02-04 16:15:06,027 INFO o.a.j.r.p.AbstractSampleConsumer: class org.apache.jmeter.report.processor.StatisticsSummaryConsumer#stopProducing(): statisticsSummary produced 0 samples
2025-02-04 16:15:06,030 INFO o.a.j.r.p.AbstractSampleConsumer: class org.apache.jmeter.report.processor.Top5ErrorsBySamplerConsumer#stopProducing(): top5ErrorsBySampler produced 0 samples
2025-02-04 16:15:06,031 INFO o.a.j.r.p.AbstractSampleConsumer: class org.apache.jmeter.report.processor.ErrorsSummaryConsumer#stopProducing(): errorsSummary produced 0 samples
2025-02-04 16:15:06,031 INFO o.a.j.r.p.AbstractSampleConsumer: class org.apache.jmeter.report.processor.graph.impl.HitsPerSecondGraphConsumer#stopProducing(): hitsPerSecond produced 0 samples
2025-02-04 16:15:06,053 INFO o.a.j.r.p.AbstractSampleConsumer: class org.apache.jmeter.report.processor.graph.impl.LatencyVSRequestGraphConsumer#stopProducing(): latencyVsRequest produced 0 samples
2025-02-04 16:15:06,055 INFO o.a.j.r.p.AbstractSampleConsumer: class org.apache.jmeter.report.processor.graph.impl.SyntheticResponseTimeDistributionGraphConsumer#stopProducing(): syntheticResponseTimeDistribution produced 0 samples
2025-02-04 16:15:06,055 INFO o.a.j.r.p.AbstractSampleConsumer: class org.apache.jmeter.report.processor.graph.impl.BytesThroughputGraphConsumer#stopProducing(): bytesThroughputOverTime produced 0 samples
2025-02-04 16:15:06,055 INFO o.a.j.r.p.AbstractSampleConsumer: class org.apache.jmeter.report.processor.graph.impl.CodesPerSecondGraphConsumer#stopProducing(): codesPerSecond produced 0 samples
2025-02-04 16:15:06,062 INFO o.a.j.r.p.AbstractSampleConsumer: class org.apache.jmeter.report.processor.graph.impl.ResponseTimeVSRequestGraphConsumer#stopProducing(): responseTimeVsRequest produced 0 samples
2025-02-04 16:15:06,063 INFO o.a.j.r.p.AbstractSampleConsumer: class org.apache.jmeter.report.processor.FilterConsumer#stopProducing(): startIntervalControlerFilter produced 280 samples
2025-02-04 16:15:06,063 INFO o.a.j.r.p.AbstractSampleConsumer: class org.apache.jmeter.report.processor.graph.impl.TotalTPSGraphConsumer#stopProducing(): totalTPS produced 0 samples
2025-02-04 16:15:06,063 INFO o.a.j.r.p.AbstractSampleConsumer: class org.apache.jmeter.report.processor.graph.impl.ActiveThreadsGraphConsumer#stopProducing(): activeThreadsOverTime produced 0 samples
2025-02-04 16:15:06,063 INFO o.a.j.r.p.AbstractSampleConsumer: class org.apache.jmeter.report.processor.graph.impl.TimeVSThreadGraphConsumer#stopProducing(): timeVsThreads produced 0 samples
2025-02-04 16:15:06,065 INFO o.a.j.r.p.AbstractSampleConsumer: class org.apache.jmeter.report.processor.graph.impl.ResponseTimeDistributionGraphConsumer#stopProducing(): responseTimeDistribution produced 0 samples
2025-02-04 16:15:06,065 INFO o.a.j.r.p.AbstractSampleConsumer: class org.apache.jmeter.report.processor.graph.impl.TransactionsPerSecondGraphConsumer#stopProducing(): transactionsPerSecond produced 0 samples
2025-02-04 16:15:06,066 INFO o.a.j.r.p.AbstractSampleConsumer: class org.apache.jmeter.report.processor.graph.impl.ResponseTimePercentilesGraphConsumer#stopProducing(): responseTimePercentiles produced 0 samples
2025-02-04 16:15:06,072 INFO o.a.j.r.p.AbstractSampleConsumer: class org.apache.jmeter.report.processor.graph.impl.ResponseTimePercentilesOverTimeGraphConsumer#stopProducing(): responseTimePercentilesOverTime produced 0 samples
2025-02-04 16:15:06,073 INFO o.a.j.r.p.AbstractSampleConsumer: class org.apache.jmeter.report.processor.graph.impl.ResponseTimeOverTimeGraphConsumer#stopProducing(): responseTimesOverTime produced 0 samples
2025-02-04 16:15:06,073 INFO o.a.j.r.p.AbstractSampleConsumer: class org.apache.jmeter.report.processor.graph.impl.ConnectTimeOverTimeGraphConsumer#stopProducing(): connectTimeOverTime produced 0 samples
2025-02-04 16:15:06,073 INFO o.a.j.r.p.AbstractSampleConsumer: class org.apache.jmeter.report.processor.graph.impl.LatencyOverTimeGraphConsumer#stopProducing(): latenciesOverTime produced 0 samples
2025-02-04 16:15:06,073 INFO o.a.j.r.p.AbstractSampleConsumer: class org.apache.jmeter.report.processor.FilterConsumer#stopProducing(): nameFilter produced 750 samples
2025-02-04 16:15:06,073 INFO o.a.j.r.p.AbstractSampleConsumer: class org.apache.jmeter.report.processor.FilterConsumer#stopProducing(): dateRangeFilter produced 150 samples
2025-02-04 16:15:06,074 INFO o.a.j.r.p.AbstractSampleConsumer: class org.apache.jmeter.report.processor.NormalizerSampleConsumer#stopProducing(): normalizer produced 50 samples
2025-02-04 16:15:06,074 INFO o.a.j.r.p.CsvFileSampleSource: produce(): 50 samples produced in 285ms on channel 0
2025-02-04 16:15:06,075 INFO o.a.j.r.d.ReportGenerator: Exporting data using exporter:'json' of className:'org.apache.jmeter.report.dashboard.JsonExporter'
2025-02-04 16:15:06,170 INFO o.a.j.r.d.JsonExporter: Found data for consumer statisticsSummary in context
2025-02-04 16:15:06,170 INFO o.a.j.r.d.JsonExporter: Creating statistics for overall
2025-02-04 16:15:06,170 INFO o.a.j.r.d.JsonExporter: Creating statistics for other transactions
2025-02-04 16:15:06,171 INFO o.a.j.r.d.JsonExporter: Checking output folder
2025-02-04 16:15:06,171 INFO o.a.j.r.d.JsonExporter: Writing statistics JSON to C:\Users\User\Documents\Quiz 4_Week 4_Aliffrianto Yudha Prakoso\report\statistics.json
2025-02-04 16:15:06,218 INFO o.a.j.r.d.ReportGenerator: Exporting data using exporter:'html' of className:'org.apache.jmeter.report.dashboard.HtmlTemplateExporter'
2025-02-04 16:15:06,222 INFO o.a.j.r.d.HtmlTemplateExporter: Will generate dashboard in folder: C:\Users\User\Documents\Quiz 4_Week 4_Aliffrianto Yudha Prakoso\report
2025-02-04 16:15:06,486 INFO o.a.j.r.d.HtmlTemplateExporter: Report will be generated in: C:\Users\User\Documents\Quiz 4_Week 4_Aliffrianto Yudha Prakoso\report, creating folder structure
2025-02-04 16:15:06,490 INFO o.a.j.r.d.TemplateVisitor: Copying folder from 'C:\Users\User\Documents\apache-jmeter-5.6.3\bin\report-template' to 'C:\Users\User\Documents\Quiz 4_Week 4_Aliffrianto Yudha Prakoso\report', got message: C:\Users\User\Documents\Quiz 4_Week 4_Aliffrianto Yudha Prakoso\report, found non empty folder with following content [C:\Users\User\Documents\Quiz 4_Week 4_Aliffrianto Yudha Prakoso\report\statistics.json], will be ignored
